mode: set
github.com/Flyingmn/gzap/commn.go:6.13,8.2 1 1
github.com/Flyingmn/gzap/commn.go:9.14,11.2 1 1
github.com/Flyingmn/gzap/commn.go:13.14,15.2 1 0
github.com/Flyingmn/gzap/commn.go:27.45,29.2 1 1
github.com/Flyingmn/gzap/commn.go:31.44,33.2 1 1
github.com/Flyingmn/gzap/commn.go:35.44,37.2 1 1
github.com/Flyingmn/gzap/commn.go:39.45,41.2 1 1
github.com/Flyingmn/gzap/commn.go:42.46,44.2 1 1
github.com/Flyingmn/gzap/commn.go:45.45,47.2 1 0
github.com/Flyingmn/gzap/commn.go:48.45,50.2 1 0
github.com/Flyingmn/gzap/commn.go:57.51,59.2 1 1
github.com/Flyingmn/gzap/commn.go:60.50,62.2 1 1
github.com/Flyingmn/gzap/commn.go:63.50,65.2 1 1
github.com/Flyingmn/gzap/commn.go:66.51,68.2 1 1
github.com/Flyingmn/gzap/commn.go:69.52,71.2 1 1
github.com/Flyingmn/gzap/commn.go:72.51,74.2 1 0
github.com/Flyingmn/gzap/commn.go:75.51,77.2 1 0
github.com/Flyingmn/gzap/commn.go:89.55,91.2 1 1
github.com/Flyingmn/gzap/commn.go:92.54,94.2 1 1
github.com/Flyingmn/gzap/commn.go:95.54,97.2 1 1
github.com/Flyingmn/gzap/commn.go:98.55,100.2 1 1
github.com/Flyingmn/gzap/commn.go:101.56,103.2 1 1
github.com/Flyingmn/gzap/commn.go:104.55,106.2 1 0
github.com/Flyingmn/gzap/commn.go:107.55,109.2 1 0
github.com/Flyingmn/gzap/zap.go:55.24,58.2 2 1
github.com/Flyingmn/gzap/zap.go:64.31,67.2 2 1
github.com/Flyingmn/gzap/zap.go:70.20,71.33 1 1
github.com/Flyingmn/gzap/zap.go:71.33,76.37 2 1
github.com/Flyingmn/gzap/zap.go:77.18,78.72 1 0
github.com/Flyingmn/gzap/zap.go:82.3,87.47 3 1
github.com/Flyingmn/gzap/zap.go:87.47,90.54 2 0
github.com/Flyingmn/gzap/zap.go:90.54,92.5 1 0
github.com/Flyingmn/gzap/zap.go:94.4,95.10 2 0
github.com/Flyingmn/gzap/zap.go:98.3,98.96 1 1
github.com/Flyingmn/gzap/zap.go:106.45,107.27 1 1
github.com/Flyingmn/gzap/zap.go:107.27,109.3 1 1
github.com/Flyingmn/gzap/zap.go:113.65,114.31 1 1
github.com/Flyingmn/gzap/zap.go:114.31,116.3 1 1
github.com/Flyingmn/gzap/zap.go:120.49,123.31 2 1
github.com/Flyingmn/gzap/zap.go:123.31,124.22 1 1
github.com/Flyingmn/gzap/zap.go:124.22,126.4 1 0
github.com/Flyingmn/gzap/zap.go:128.3,128.16 1 1
github.com/Flyingmn/gzap/zap.go:129.16,130.58 1 1
github.com/Flyingmn/gzap/zap.go:131.15,132.57 1 0
github.com/Flyingmn/gzap/zap.go:133.15,134.57 1 0
github.com/Flyingmn/gzap/zap.go:135.16,136.58 1 0
github.com/Flyingmn/gzap/zap.go:137.17,138.59 1 0
github.com/Flyingmn/gzap/zap.go:139.16,140.58 1 0
github.com/Flyingmn/gzap/zap.go:141.16,142.58 1 0
github.com/Flyingmn/gzap/zap.go:148.84,150.31 1 1
github.com/Flyingmn/gzap/zap.go:150.31,151.22 1 1
github.com/Flyingmn/gzap/zap.go:151.22,153.4 1 1
github.com/Flyingmn/gzap/zap.go:155.3,164.28 2 1
github.com/Flyingmn/gzap/zap.go:164.28,166.4 1 1
github.com/Flyingmn/gzap/zap.go:168.3,170.44 2 1
github.com/Flyingmn/gzap/zap.go:175.65,176.37 1 1
github.com/Flyingmn/gzap/zap.go:176.37,178.3 1 1
github.com/Flyingmn/gzap/zap.go:182.63,183.37 1 1
github.com/Flyingmn/gzap/zap.go:183.37,185.3 1 1
github.com/Flyingmn/gzap/zap.go:189.71,190.37 1 1
github.com/Flyingmn/gzap/zap.go:190.37,192.3 1 1
github.com/Flyingmn/gzap/zap.go:196.51,197.31 1 0
github.com/Flyingmn/gzap/zap.go:197.31,198.22 1 0
github.com/Flyingmn/gzap/zap.go:198.22,200.4 1 0
github.com/Flyingmn/gzap/zap.go:202.3,202.30 1 0
github.com/Flyingmn/gzap/zap.go:207.50,208.31 1 0
github.com/Flyingmn/gzap/zap.go:208.31,209.22 1 0
github.com/Flyingmn/gzap/zap.go:209.22,211.4 1 0
github.com/Flyingmn/gzap/zap.go:213.3,213.22 1 0
github.com/Flyingmn/gzap/zap.go:218.51,219.31 1 1
github.com/Flyingmn/gzap/zap.go:219.31,220.22 1 1
github.com/Flyingmn/gzap/zap.go:220.22,222.4 1 1
github.com/Flyingmn/gzap/zap.go:224.3,224.19 1 1
